# JRE version: Java(TM) SE Runtime Environment (7.0_51-b13) (build 1.7.0_51-b13)
# Java VM: Java HotSpot(TM) 64-Bit Server VM (24.51-b03 mixed mode bsd-amd64 compressed oops)
Heap
 PSYoungGen      total 38912K, used 6262K [0x0000000160300000, 0x0000000162e00000, 0x000000018ae00000)
  eden space 33792K, 11% used [0x0000000160300000,0x00000001606e9a78,0x0000000162400000)
  from space 5120K, 44% used [0x0000000162900000,0x0000000162b33e70,0x0000000162e00000)
  to   space 5120K, 0% used [0x0000000162400000,0x0000000162400000,0x0000000162900000)
 ParOldGen       total 87040K, used 16K [0x000000010ae00000, 0x0000000110300000, 0x0000000160300000)
  object space 87040K, 0% used [0x000000010ae00000,0x000000010ae04000,0x0000000110300000)
 PSPermGen       total 21504K, used 12535K [0x0000000105c00000, 0x0000000107100000, 0x000000010ae00000)
  object space 21504K, 58% used [0x0000000105c00000,0x000000010683dfc0,0x0000000107100000)
GC Heap History (4 events):
Event: 1.135 GC heap before
{Heap before GC invocations=1 (full 0):
 PSYoungGen      total 38912K, used 33792K [0x0000000160300000, 0x0000000162e00000, 0x000000018ae00000)
  eden space 33792K, 100% used [0x0000000160300000,0x0000000162400000,0x0000000162400000)
  from space 5120K, 0% used [0x0000000162900000,0x0000000162900000,0x0000000162e00000)
  to   space 5120K, 0% used [0x0000000162400000,0x0000000162400000,0x0000000162900000)
 ParOldGen       total 87040K, used 0K [0x000000010ae00000, 0x0000000110300000, 0x0000000160300000)
  object space 87040K, 0% used [0x000000010ae00000,0x000000010ae00000,0x0000000110300000)
 PSPermGen       total 21504K, used 9672K [0x0000000105c00000, 0x0000000107100000, 0x000000010ae00000)
  object space 21504K, 44% used [0x0000000105c00000,0x0000000106572048,0x0000000107100000)
Event: 1.143 GC heap after
Heap after GC invocations=1 (full 0):
 PSYoungGen      total 38912K, used 1324K [0x0000000160300000, 0x0000000162e00000, 0x000000018ae00000)
  eden space 33792K, 0% used [0x0000000160300000,0x0000000160300000,0x0000000162400000)
  from space 5120K, 25% used [0x0000000162400000,0x000000016254b020,0x0000000162900000)
  to   space 5120K, 0% used [0x0000000162900000,0x0000000162900000,0x0000000162e00000)
 ParOldGen       total 87040K, used 8K [0x000000010ae00000, 0x0000000110300000, 0x0000000160300000)
  object space 87040K, 0% used [0x000000010ae00000,0x000000010ae02000,0x0000000110300000)
 PSPermGen       total 21504K, used 9672K [0x0000000105c00000, 0x0000000107100000, 0x000000010ae00000)
  object space 21504K, 44% used [0x0000000105c00000,0x0000000106572048,0x0000000107100000)
}
Event: 1.856 GC heap before
{Heap before GC invocations=2 (full 0):
 PSYoungGen      total 38912K, used 35116K [0x0000000160300000, 0x0000000162e00000, 0x000000018ae00000)
  eden space 33792K, 100% used [0x0000000160300000,0x0000000162400000,0x0000000162400000)
  from space 5120K, 25% used [0x0000000162400000,0x000000016254b020,0x0000000162900000)
  to   space 5120K, 0% used [0x0000000162900000,0x0000000162900000,0x0000000162e00000)
 ParOldGen       total 87040K, used 8K [0x000000010ae00000, 0x0000000110300000, 0x0000000160300000)
  object space 87040K, 0% used [0x000000010ae00000,0x000000010ae02000,0x0000000110300000)
 PSPermGen       total 21504K, used 12535K [0x0000000105c00000, 0x0000000107100000, 0x000000010ae00000)
  object space 21504K, 58% used [0x0000000105c00000,0x000000010683def8,0x0000000107100000)
Event: 1.865 GC heap after
Heap after GC invocations=2 (full 0):
 PSYoungGen      total 38912K, used 2255K [0x0000000160300000, 0x0000000162e00000, 0x000000018ae00000)
  eden space 33792K, 0% used [0x0000000160300000,0x0000000160300000,0x0000000162400000)
  from space 5120K, 44% used [0x0000000162900000,0x0000000162b33e70,0x0000000162e00000)
  to   space 5120K, 0% used [0x0000000162400000,0x0000000162400000,0x0000000162900000)
 ParOldGen       total 87040K, used 16K [0x000000010ae00000, 0x0000000110300000, 0x0000000160300000)
  object space 87040K, 0% used [0x000000010ae00000,0x000000010ae04000,0x0000000110300000)
 PSPermGen       total 21504K, used 12535K [0x0000000105c00000, 0x0000000107100000, 0x000000010ae00000)
  object space 21504K, 58% used [0x0000000105c00000,0x000000010683def8,0x0000000107100000)
}

